[ 2025-03-26 14:45:13,897 ] 1025 httpx - INFO - HTTP Request: GET https://dagshub.com/api/v1/user "HTTP/1.1 200 OK"
[ 2025-03-26 14:45:13,905 ] 107 dagshub - INFO - Accessing as ganesh-1433
[ 2025-03-26 14:45:14,797 ] 1025 httpx - INFO - HTTP Request: GET https://dagshub.com/api/v1/repos/ganesh-1433/networksecurity "HTTP/1.1 200 OK"
[ 2025-03-26 14:45:15,657 ] 1025 httpx - INFO - HTTP Request: GET https://dagshub.com/api/v1/user "HTTP/1.1 200 OK"
[ 2025-03-26 14:45:15,663 ] 107 dagshub - INFO - Initialized MLflow to track repo "ganesh-1433/networksecurity"
[ 2025-03-26 14:45:15,665 ] 107 dagshub - INFO - Repository ganesh-1433/networksecurity initialized!
[ 2025-03-26 14:52:18,858 ] 42 root - INFO - Start data Ingestion
[ 2025-03-26 14:52:21,131 ] 58 root - INFO - Performed train test split on the dataframe
[ 2025-03-26 14:52:21,131 ] 60 root - INFO - Exited split_data_as_train_test method of Data_Ingestion class
[ 2025-03-26 14:52:21,131 ] 68 root - INFO - Exporting train and test file path.
[ 2025-03-26 14:52:21,181 ] 77 root - INFO - Exported train and test file path.
[ 2025-03-26 14:52:21,181 ] 45 root - INFO - Data Ingestion completed and artifact: DataIngestionArtifact(trained_file_path='Artifacts\\03_26_2025_14_44_59\\data_ingestion\\ingested\\train.csv', test_file_path='Artifacts\\03_26_2025_14_44_59\\data_ingestion\\ingested\\test.csv')
[ 2025-03-26 14:52:21,199 ] 55 root - INFO - Initiate the data Validation
[ 2025-03-26 14:52:21,265 ] 32 root - INFO - Required number of columns:2
[ 2025-03-26 14:52:21,266 ] 33 root - INFO - Data frame has columns:31
[ 2025-03-26 14:52:21,266 ] 32 root - INFO - Required number of columns:2
[ 2025-03-26 14:52:21,266 ] 33 root - INFO - Data frame has columns:31
[ 2025-03-26 14:52:21,418 ] 63 root - INFO - Entered initiate_data_transformation method of DataTransformation class
[ 2025-03-26 14:52:21,418 ] 65 root - INFO - Starting data transformation
[ 2025-03-26 14:52:21,438 ] 48 root - INFO - Entered get_data_trnasformer_object method of Trnasformation class
[ 2025-03-26 14:52:21,439 ] 53 root - INFO - Initialise KNNImputer with {'missing_values': nan, 'n_neighbors': 3, 'weights': 'uniform'}
[ 2025-03-26 14:52:21,454 ] 41 root - INFO - Entered the save_object method of MainUtils class
[ 2025-03-26 14:52:21,457 ] 45 root - INFO - Exited the save_object method of MainUtils class
[ 2025-03-26 14:52:21,457 ] 41 root - INFO - Entered the save_object method of MainUtils class
[ 2025-03-26 14:52:21,460 ] 45 root - INFO - Exited the save_object method of MainUtils class
[ 2025-03-26 14:57:07,931 ] 41 root - INFO - Entered the save_object method of MainUtils class
[ 2025-03-26 14:57:07,932 ] 45 root - INFO - Exited the save_object method of MainUtils class
[ 2025-03-26 14:57:07,932 ] 41 root - INFO - Entered the save_object method of MainUtils class
[ 2025-03-26 14:57:07,934 ] 45 root - INFO - Exited the save_object method of MainUtils class
[ 2025-03-26 14:57:07,934 ] 130 root - INFO - Model trainer artifact: ModelTrainerArtifact(trained_model_file_path='Artifacts\\03_26_2025_14_44_59\\model_trainer\\trained_model\\model.pkl', train_metric_artifact=ClassificationMetricArtifact(f1_score=0.9912554025530204, precision_score=0.9879783610498898, recall_score=0.9945542557482856), test_metric_artifact=ClassificationMetricArtifact(f1_score=0.9744645799011532, precision_score=0.9625711960943857, recall_score=0.9866555462885738))
