[ 2025-03-26 15:11:07,688 ] 1025 httpx - INFO - HTTP Request: GET https://dagshub.com/api/v1/user "HTTP/1.1 200 OK"
[ 2025-03-26 15:11:07,703 ] 107 dagshub - INFO - Accessing as ganesh-1433
[ 2025-03-26 15:11:09,382 ] 1025 httpx - INFO - HTTP Request: GET https://dagshub.com/api/v1/repos/ganesh-1433/networksecurity "HTTP/1.1 200 OK"
[ 2025-03-26 15:11:10,281 ] 1025 httpx - INFO - HTTP Request: GET https://dagshub.com/api/v1/user "HTTP/1.1 200 OK"
[ 2025-03-26 15:11:10,285 ] 107 dagshub - INFO - Initialized MLflow to track repo "ganesh-1433/networksecurity"
[ 2025-03-26 15:11:10,287 ] 107 dagshub - INFO - Repository ganesh-1433/networksecurity initialized!
[ 2025-03-26 15:11:33,648 ] 42 root - INFO - Start data Ingestion
[ 2025-03-26 15:11:36,000 ] 58 root - INFO - Performed train test split on the dataframe
[ 2025-03-26 15:11:36,000 ] 60 root - INFO - Exited split_data_as_train_test method of Data_Ingestion class
[ 2025-03-26 15:11:36,001 ] 68 root - INFO - Exporting train and test file path.
[ 2025-03-26 15:11:36,106 ] 77 root - INFO - Exported train and test file path.
[ 2025-03-26 15:11:36,107 ] 45 root - INFO - Data Ingestion completed and artifact: DataIngestionArtifact(trained_file_path='Artifacts\\03_26_2025_15_11_01\\data_ingestion\\ingested\\train.csv', test_file_path='Artifacts\\03_26_2025_15_11_01\\data_ingestion\\ingested\\test.csv')
[ 2025-03-26 15:11:36,119 ] 55 root - INFO - Initiate the data Validation
[ 2025-03-26 15:11:36,216 ] 32 root - INFO - Required number of columns:2
[ 2025-03-26 15:11:36,216 ] 33 root - INFO - Data frame has columns:31
[ 2025-03-26 15:11:36,216 ] 32 root - INFO - Required number of columns:2
[ 2025-03-26 15:11:36,216 ] 33 root - INFO - Data frame has columns:31
[ 2025-03-26 15:11:36,467 ] 63 root - INFO - Entered initiate_data_transformation method of DataTransformation class
[ 2025-03-26 15:11:36,467 ] 65 root - INFO - Starting data transformation
[ 2025-03-26 15:11:36,514 ] 48 root - INFO - Entered get_data_trnasformer_object method of Trnasformation class
[ 2025-03-26 15:11:36,515 ] 53 root - INFO - Initialise KNNImputer with {'missing_values': nan, 'n_neighbors': 3, 'weights': 'uniform'}
[ 2025-03-26 15:11:36,540 ] 41 root - INFO - Entered the save_object method of MainUtils class
[ 2025-03-26 15:11:36,544 ] 45 root - INFO - Exited the save_object method of MainUtils class
[ 2025-03-26 15:11:36,544 ] 41 root - INFO - Entered the save_object method of MainUtils class
[ 2025-03-26 15:11:36,548 ] 45 root - INFO - Exited the save_object method of MainUtils class
[ 2025-03-26 15:15:57,377 ] 41 root - INFO - Entered the save_object method of MainUtils class
[ 2025-03-26 15:15:57,378 ] 45 root - INFO - Exited the save_object method of MainUtils class
[ 2025-03-26 15:15:57,379 ] 41 root - INFO - Entered the save_object method of MainUtils class
[ 2025-03-26 15:15:57,419 ] 45 root - INFO - Exited the save_object method of MainUtils class
[ 2025-03-26 15:15:57,419 ] 130 root - INFO - Model trainer artifact: ModelTrainerArtifact(trained_model_file_path='Artifacts\\03_26_2025_15_11_01\\model_trainer\\trained_model\\model.pkl', train_metric_artifact=ClassificationMetricArtifact(f1_score=0.9907314124521459, precision_score=0.9867549668874173, recall_score=0.9947400364151325), test_metric_artifact=ClassificationMetricArtifact(f1_score=0.9714983713355049, precision_score=0.9605475040257649, recall_score=0.9827018121911038))
