[ 2025-03-26 17:01:13,807 ] 1025 httpx - INFO - HTTP Request: GET https://dagshub.com/api/v1/user "HTTP/1.1 200 OK"
[ 2025-03-26 17:01:13,812 ] 107 dagshub - INFO - Accessing as ganesh-1433
[ 2025-03-26 17:01:14,672 ] 1025 httpx - INFO - HTTP Request: GET https://dagshub.com/api/v1/repos/ganesh-1433/networksecurity "HTTP/1.1 200 OK"
[ 2025-03-26 17:01:15,523 ] 1025 httpx - INFO - HTTP Request: GET https://dagshub.com/api/v1/user "HTTP/1.1 200 OK"
[ 2025-03-26 17:01:15,524 ] 107 dagshub - INFO - Initialized MLflow to track repo "ganesh-1433/networksecurity"
[ 2025-03-26 17:01:15,525 ] 107 dagshub - INFO - Repository ganesh-1433/networksecurity initialized!
[ 2025-03-26 17:01:27,077 ] 42 root - INFO - Start data Ingestion
[ 2025-03-26 17:01:30,149 ] 58 root - INFO - Performed train test split on the dataframe
[ 2025-03-26 17:01:30,150 ] 60 root - INFO - Exited split_data_as_train_test method of Data_Ingestion class
[ 2025-03-26 17:01:30,150 ] 68 root - INFO - Exporting train and test file path.
[ 2025-03-26 17:01:30,220 ] 77 root - INFO - Exported train and test file path.
[ 2025-03-26 17:01:30,220 ] 45 root - INFO - Data Ingestion completed and artifact: DataIngestionArtifact(trained_file_path='Artifacts\\03_26_2025_17_01_08\\data_ingestion\\ingested\\train.csv', test_file_path='Artifacts\\03_26_2025_17_01_08\\data_ingestion\\ingested\\test.csv')
[ 2025-03-26 17:01:30,232 ] 55 root - INFO - Initiate the data Validation
[ 2025-03-26 17:01:30,293 ] 32 root - INFO - Required number of columns:2
[ 2025-03-26 17:01:30,293 ] 33 root - INFO - Data frame has columns:31
[ 2025-03-26 17:01:30,293 ] 32 root - INFO - Required number of columns:2
[ 2025-03-26 17:01:30,293 ] 33 root - INFO - Data frame has columns:31
[ 2025-03-26 17:01:30,459 ] 63 root - INFO - Entered initiate_data_transformation method of DataTransformation class
[ 2025-03-26 17:01:30,459 ] 65 root - INFO - Starting data transformation
[ 2025-03-26 17:01:30,483 ] 48 root - INFO - Entered get_data_trnasformer_object method of Trnasformation class
[ 2025-03-26 17:01:30,483 ] 53 root - INFO - Initialise KNNImputer with {'missing_values': nan, 'n_neighbors': 3, 'weights': 'uniform'}
[ 2025-03-26 17:01:30,497 ] 41 root - INFO - Entered the save_object method of MainUtils class
[ 2025-03-26 17:01:30,500 ] 45 root - INFO - Exited the save_object method of MainUtils class
[ 2025-03-26 17:01:30,500 ] 41 root - INFO - Entered the save_object method of MainUtils class
[ 2025-03-26 17:01:30,502 ] 45 root - INFO - Exited the save_object method of MainUtils class
[ 2025-03-26 17:06:50,394 ] 41 root - INFO - Entered the save_object method of MainUtils class
[ 2025-03-26 17:06:50,396 ] 45 root - INFO - Exited the save_object method of MainUtils class
[ 2025-03-26 17:06:50,396 ] 41 root - INFO - Entered the save_object method of MainUtils class
[ 2025-03-26 17:06:50,419 ] 45 root - INFO - Exited the save_object method of MainUtils class
[ 2025-03-26 17:06:50,419 ] 130 root - INFO - Model trainer artifact: ModelTrainerArtifact(trained_model_file_path='Artifacts\\03_26_2025_17_01_08\\model_trainer\\trained_model\\model.pkl', train_metric_artifact=ClassificationMetricArtifact(f1_score=0.9920602605863192, precision_score=0.9914547304170905, recall_score=0.9926665308616827), test_metric_artifact=ClassificationMetricArtifact(f1_score=0.9707883153261304, precision_score=0.9696243005595524, recall_score=0.9719551282051282))
